<?xml version="1.0" encoding="UTF-8"?>
<testng-results skipped="0" failed="0" ignored="0" total="3" passed="3">
  <reporter-output>
  </reporter-output>
  <suite name="Default suite" duration-ms="15299" started-at="2017-09-28T16:10:53Z" finished-at="2017-09-28T16:11:09Z">
    <groups>
    </groups>
    <test name="Default test" duration-ms="15299" started-at="2017-09-28T16:10:53Z" finished-at="2017-09-28T16:11:09Z">
      <class name="tests.loginDDT">
        <test-method status="PASS" signature="loginTest(java.lang.String, java.lang.String, java.lang.String)[pri:0, instance:tests.loginDDT@4439f31e]" name="loginTest" duration-ms="7096" started-at="2017-09-28T12:10:54Z" data-provider="getData" finished-at="2017-09-28T12:11:01Z">
          <params>
            <param index="0">
              <value>
                <![CDATA[Ellie Prynne]]>
              </value>
            </param>
            <param index="1">
              <value>
                <![CDATA[ep@testemail.com]]>
              </value>
            </param>
            <param index="2">
              <value>
                <![CDATA[ep1password]]>
              </value>
            </param>
          </params>
          <reporter-output>
          </reporter-output>
        </test-method> <!-- loginTest -->
        <test-method status="PASS" signature="loginTest(java.lang.String, java.lang.String, java.lang.String)[pri:0, instance:tests.loginDDT@4439f31e]" name="loginTest" duration-ms="4068" started-at="2017-09-28T12:11:01Z" data-provider="getData" finished-at="2017-09-28T12:11:05Z">
          <params>
            <param index="0">
              <value>
                <![CDATA[Shawn Thompson]]>
              </value>
            </param>
            <param index="1">
              <value>
                <![CDATA[sw@testemail.com]]>
              </value>
            </param>
            <param index="2">
              <value>
                <![CDATA[sw2password]]>
              </value>
            </param>
          </params>
          <reporter-output>
          </reporter-output>
        </test-method> <!-- loginTest -->
        <test-method status="PASS" signature="loginTest(java.lang.String, java.lang.String, java.lang.String)[pri:0, instance:tests.loginDDT@4439f31e]" name="loginTest" duration-ms="3848" started-at="2017-09-28T12:11:05Z" data-provider="getData" finished-at="2017-09-28T12:11:09Z">
          <params>
            <param index="0">
              <value>
                <![CDATA[Michael Lane]]>
              </value>
            </param>
            <param index="1">
              <value>
                <![CDATA[ml@testemail.com]]>
              </value>
            </param>
            <param index="2">
              <value>
                <![CDATA[ml3password]]>
              </value>
            </param>
          </params>
          <reporter-output>
          </reporter-output>
        </test-method> <!-- loginTest -->
      </class> <!-- tests.loginDDT -->
    </test> <!-- Default test -->
  </suite> <!-- Default suite -->
</testng-results>
