<?xml version="1.0" encoding="UTF-8"?>
<testng-results skipped="0" failed="0" ignored="0" total="1" passed="1">
  <reporter-output>
  </reporter-output>
  <suite name="Default suite" duration-ms="43343" started-at="2017-10-02T15:17:35Z" finished-at="2017-10-02T15:18:18Z">
    <groups>
    </groups>
    <test name="Default test" duration-ms="43343" started-at="2017-10-02T15:17:35Z" finished-at="2017-10-02T15:18:18Z">
      <class name="tests.Expedia">
        <test-method status="PASS" signature="setup()[pri:0, instance:tests.Expedia@3a82f6ef]" name="setup" is-config="true" duration-ms="9272" started-at="2017-10-02T11:17:35Z" finished-at="2017-10-02T11:17:44Z">
          <reporter-output>
          </reporter-output>
        </test-method> <!-- setup -->
        <test-method status="PASS" signature="hotelReservation()[pri:0, instance:tests.Expedia@3a82f6ef]" name="hotelReservation" duration-ms="34037" started-at="2017-10-02T11:17:44Z" finished-at="2017-10-02T11:18:18Z">
          <reporter-output>
          </reporter-output>
        </test-method> <!-- hotelReservation -->
        <test-method status="PASS" signature="tearDown()[pri:0, instance:tests.Expedia@3a82f6ef]" name="tearDown" is-config="true" duration-ms="0" started-at="2017-10-02T11:18:18Z" finished-at="2017-10-02T11:18:18Z">
          <reporter-output>
          </reporter-output>
        </test-method> <!-- tearDown -->
      </class> <!-- tests.Expedia -->
    </test> <!-- Default test -->
  </suite> <!-- Default suite -->
</testng-results>
